1.8287244245445524 1.4499641613444119
0 0
-0.5378250610085263 1.7920392921180577
0 0
0 0
3.511644043804721 2.2827471532580343
-0.37792181359293564 5.015336661302019
0 0
0 0
0 0
-0.007311660139347809 2.2892089415123316
0 0
0 0
-0.6343578545873269 2.909067456019937
0.2425970910624775 0.790388111914788
1.3919190384675306 -3.554634650341499
-0.23288757495442808 -6.737180141447709
0 0
2.659309164988641 -1.6588290650607989
0 0
-1.5399578684224446 2.7375160252567263
0 0
0 0
0 0
0.499731130024403 1.8725951383643513
1.94461306283769 -1.285795692582586
-1.798462934885747 -4.833425966765597
0 0
0.9171681674981291 3.103236547662458
-0.20222759189432382 -0.5831316566032514
0 0
0 0
3.125568213226741 1.4018096181274533
-0.5481857261448307 -4.046401935250179
0 0
-1.5816459794711244 1.964097123765157
0.07306222455944328 1.0065263858140414
2.0482696538275245 -2.6091151865663402
1.4810410023752807 -1.0896113634862181
-5.203357253603451 2.326905707070025
0 0
-2.567437549416166 1.1447484080194021
1.957985553351414 2.5983434130926377
2.2721039799577474 -3.280701790357181
0 0
3.2382476106223543 -2.3662107707718563
-0.37702483105678264 -3.217814650393094
4.950651391925304 -3.074360119819071
-1.1417030460990831 -1.6423052011950172
1.5942682229583103 -0.40435001840928936
3.458052805713692 0.10348076860084254
0 0
0 0
0 0
0 0
0 0
0 0
-0.9806122362914554 1.2317972166134015
-0.8385778349580447 3.070018441921702
0.5771301487087913 -0.09587688729086974
3.169524565293867 2.704476038623195
0 0
3.5778241950864085 1.5876330411093749
3.4380035795940618 0.6291990421714756
-1.5765764445462003 1.2657391505196331
0 0
-0.9258706117760879 2.398069426099705
0 0
0 0
1.8442471373586795 1.1665314479266102
1.8491182853232393 2.693681277755952
0 0
-0.6166346592136353 -1.376746853795458
0 0
-0.36808492070795895 -0.37287999302356123
0 0
0.33346989969898044 0.1794809946105571
0.8335807933803194 1.4752703858175502
0 0
-0.8316518923159851 2.1753318387942513
2.0665124678956666 -3.569490384352682
0 0
0 0
2.1170750806137333 0.18309606164808923
-0.7566064706702733 3.548524477437506
0 0
0 0
0 0
-1.9035386184025893 -3.262509938486298
-0.010651874001532002 0.5618602006152724
5.912458937980155 -2.500497071157057
2.4218643093340497 -1.5299681764755106
0 0
-0.7996382565820631 -0.9131758249941081
0 0
1.1531666140684815 1.1860169209867093
0 0
0 0
1.0048971068692716 -0.7094491479890268
0 0
1.94461306283769 -1.285795692582586
0.9567736702377119 2.5902896689613373
-1.029537875346096 1.2313043704375448
0.5571218441144626 -1.168160229928397
3.5778241950864085 1.5876330411093749
-0.5378250610085263 1.7920392921180577
-0.23288757495442808 -6.737180141447709
-0.37702483105678264 -3.217814650393094
-2.567437549416166 1.1447484080194021
-0.18917997145727372 2.25610943846755
0 0
0 0
0 0
-0.7566064706702733 3.548524477437506
1.8287244245445524 1.4499641613444119
0.8335807933803194 1.4752703858175502
0 0
-2.2625683514074297 5.578953906778013
-0.3899758089170141 -3.214710240281704
-1.2933384799427505 2.3025438590600897
0 0
1.4057308555321872 -0.7011721427859111
0.9531253113206901 -0.9130358787885946
5.182705537726871 -4.6268336558091425
-5.203357253603451 2.326905707070025
0 0
0 0
0 0
0.1177069890609157 4.827706862218023
-1.6789252756162196 -1.2041565894633175
0.8335807933803194 1.4752703858175502
3.5778241950864085 1.5876330411093749
0 0
0 0
0 0
0 0
0 0
0 0
3.22221759139141 1.3970950224650691
0 0
-0.4589150220615511 -0.2115783332123662
-2.363344035035702 2.8555905722672303
4.950651391925304 -3.074360119819071
0 0
-0.046164896622889806 2.298497892233459
0 0
0 0
0 0
5.481910814909139 3.3450225827066706
-0.5392665647361592 -0.30588071012388585
2.438832233416628 0.45402470593557553
0.2686687443582706 0.7940851181330583
-0.9405095304983332 2.4248338314093294
-0.8385778349580447 3.070018441921702
1.5942682229583103 -0.40435001840928936
0 0
0 0
0 0
4.346228470052614 -6.1759493273406445
0 0
-0.010651874001532002 0.5618602006152724
0 0
0 0
0 0
5.4643111259362165 5.360944373266674
0 0
0.9171681674981291 3.103236547662458
0 0
0 0
0 0
0 0
0.8610348343214581 0.2852002216023254
0 0
1.6086129399622882 -1.4510232019515832
0 0
0 0
5.912458937980155 -2.500497071157057
-0.6166346592136353 -1.376746853795458
1.662912791550234 3.243705679109544
2.931375736203515 -2.7586211666627043
-1.7148898505262147 1.2373998233550831
2.472163325382829 3.634145437770358
-0.029345570817007505 2.426046224849632
-0.37702483105678264 -3.217814650393094
0 0
0 0
2.0598792401110364 -1.8912388872222199
2.1170750806137333 0.18309606164808923
0 0
0 0
0 0
0 0
-0.6166346592136353 -1.376746853795458
0 0
3.125568213226741 1.4018096181274533
0 0
-0.37702483105678264 -3.217814650393094
0 0
0 0
0 0
0.5771301487087913 -0.09587688729086974
5.69916006472956 1.7875734273249264
1.7122111675694565 3.3552458152048255
1.5942682229583103 -0.40435001840928936
0 0
2.0482696538275245 -2.6091151865663402
0 0
3.5621313984904885 2.687872052943206
-0.9806122362914554 1.2317972166134015
-0.12046354112378599 0.658525506879851
3.0425950965545865 1.4642274892728655
0 0
0 0
-0.22275957326118123 -2.100514272485091
0.9171681674981291 3.103236547662458
1.8287244245445524 1.4499641613444119
4.950651391925304 -3.074360119819071
0 0
-1.1417030460990831 -1.6423052011950172
-0.7996382565820631 -0.9131758249941081
0.2425970910624775 0.790388111914788
0 0
0 0
-0.7566064706702733 3.548524477437506
-1.7308680222003634 1.722216895673386
0 0
1.8287244245445524 1.4499641613444119
0 0
4.950651391925304 -3.074360119819071
1.5942682229583103 -0.40435001840928936
0 0
2.0665124678956666 -3.569490384352682
2.8475152591777166 1.7973984526261932
-2.412236665012814 3.2115335059787133
-0.6343578545873269 2.909067456019937
0 0
4.162401108335863 0.845681100280911
1.0048971068692716 -0.7094491479890268
-0.37792181359293564 5.015336661302019
2.1170750806137333 0.18309606164808923
0 0
0 0
3.4019032542951857 2.4569753538050616
0 0
1.8287244245445524 1.4499641613444119
2.658107447231292 0.9836045752271192
1.8287244245445524 1.4499641613444119
-5.203357253603451 2.326905707070025
-5.203357253603451 2.326905707070025
-1.5399578684224446 2.7375160252567263
0 0
0 0
1.2536190934748697 -3.204794722484104
-0.7733626927328363 2.7119933605589925
1.8541356441159056 -2.2557075998221574
0 0
0 0
1.5645565962329302 0.3976741016502765
-0.5165185482832648 3.591335114927677
1.8491182853232393 2.693681277755952
0.5572143632191701 1.9076230179699845
4.950651391925304 -3.074360119819071
0 0
0 0
0.05869758719046281 -1.3638818772038577
0.9171681674981291 3.103236547662458
2.4241032439275543 -1.8324889199009227
-2.347979167477578 2.9734409476422137
-0.9806122362914554 1.2317972166134015
4.950651391925304 -3.074360119819071
2.970610691418505 -2.4345777409624327
0.43067011885701023 0.7980328833345368
0 0
0 0
-0.7098796540353995 -1.3689692314115307
0 0
0 0
2.2721039799577474 -3.280701790357181
1.199352792505948 -3.5209105323679037
-1.3114992751636976 3.072550318944505
-3.085239881291572 -3.129664453351988
0.9799825703032617 -4.047852608259001
1.1506924134872225 -0.33905452831352356
-2.30228713233077 -2.7316942748355575
2.074723171860028 -1.8483281303014647
5.007169346755992 0.7276539259873265
0 0
0 0
0 0
-0.6166346592136353 -1.376746853795458
-5.369225459878825 1.4827359086283984
-1.5816459794711244 1.964097123765157
-0.37792181359293564 5.015336661302019
0.499731130024403 1.8725951383643513
0 0
0 0
0 0
0 0
0 0
1.5942682229583103 -0.40435001840928936
2.4464467384835813 -0.5740875753458412
-0.010651874001532002 0.5618602006152724
6.156824452102189 -0.6511020584140428
-1.5399578684224446 2.7375160252567263
-0.36808492070795895 -0.37287999302356123
-0.046164896622889806 2.298497892233459
-5.369225459878825 1.4827359086283984
-5.203357253603451 2.326905707070025
0.33346989969898044 0.1794809946105571
-0.029345570817007505 2.426046224849632
-0.42786411351515735 -3.404398623951643
-3.085239881291572 -3.129664453351988
1.1506924134872225 -0.33905452831352356
1.5942682229583103 -0.40435001840928936
2.5897813169852157 -2.729957863349377
-1.3114992751636976 3.072550318944505
-0.48722167681993855 2.61369340597567
0 0
0.8335807933803194 1.4752703858175502
0.0576124708412854 2.3933468644159674
0 0
1.1531666140684815 1.1860169209867093
0.046606169500222006 -0.8913218863890499
1.8734410535575496 1.1596675316988152
-0.04515369530770208 -2.4099886698971185
0 0
-2.7322876472469186 3.888324700388334
-1.1413265486059554 2.9926625914299305
0 0
-2.363344035035702 2.8555905722672303
0 0
-0.3899758089170141 -3.214710240281704
-3.085239881291572 -3.129664453351988
0.6170064355605122 -1.137666968164576
0.616000274176076 0.050481220014862216
0.499731130024403 1.8725951383643513
-0.6343578545873269 2.909067456019937
0 0
2.326750119322176 4.654193167773986
0 0
-0.008240799679024469 2.276502809999657
-0.7566064706702733 3.548524477437506
0.9567736702377119 2.5902896689613373
1.9892507550754321 -0.9002547097807296
0.499731130024403 1.8725951383643513
4.35665685007052 5.723607736045135
0.5771301487087913 -0.09587688729086974
-0.7566064706702733 3.548524477437506
-5.031306490220131 2.7427632039510033
-0.07417768797571189 2.405650745057997
7.191386617618685 -0.9966282045129203
-0.5165185482832648 3.591335114927677
-5.203357253603451 2.326905707070025
1.5942682229583103 -0.40435001840928936
-0.029345570817007505 2.426046224849632
-0.7168583162957431 -3.005340628408433
-0.7566064706702733 3.548524477437506
3.120199432244311 -1.397575840142466
0.499731130024403 1.8725951383643513
1.0048971068692716 -0.7094491479890268
1.8003443775460621 -1.498189154355783
-0.6703543038416317 -0.16318497627191791
-0.6166346592136353 -1.376746853795458
1.21751200996525 1.1828544758084787
-0.5392665647361592 -0.30588071012388585
0.49973113002440306 1.8725951383643515
-2.567437549416166 1.1447484080194021
0.07306222455944328 1.0065263858140414
-0.7996382565820631 -0.9131758249941081
0.9531253113206901 -0.9130358787885946
-0.6343578545873269 2.909067456019937
-0.010651874001532002 0.5618602006152724
0 0
-2.073244571361339 -4.72232898849095
0.33346989969898044 0.1794809946105571
0.499731130024403 1.8725951383643513
-0.8385778349580447 3.070018441921702
0.09791207190835638 -1.4964024668895137
-0.7733626927328363 2.7119933605589925
-0.43776465714680524 3.079257550330302
-0.2817237494552016 3.3353657452417105
0.8335807933803194 1.4752703858175502
0 0
0.2686687443582706 0.7940851181330583
-1.5765764445462003 1.2657391505196331
-2.363344035035702 2.8555905722672303
-0.37702483105678264 -3.217814650393094
-0.36808492070795895 -0.37287999302356123
3.2059951544652807 1.6049111245444243
-1.587397770910426 4.323434215857183
-0.5953116953563916 -0.6176225203189797
0 0
-2.991858705368271 0.3062065099343284
0.33346989969898044 0.1794809946105571
-0.9405095304983332 2.4248338314093294
1.616013973265543 -0.41905478144534203
-0.9405095304983332 2.4248338314093294
0 0
-1.5399578684224446 2.7375160252567263
-1.6789252756162196 -1.2041565894633175
3.1814743299433053 -1.143132325960629
3.217922132902683 0.12322971784487602
-0.23723047871545377 3.760556590734141
1.6086129399622882 -1.4510232019515832
-0.5392665647361592 -0.30588071012388585
0.30824740519402116 1.958890779024659
1.0421662242122556 -0.9570464513887444
-1.9035386184025893 -3.262509938486298
0.499731130024403 1.8725951383643513
-0.010651874001532002 0.5618602006152724
2.5843318449725956 4.1385212626277985
0.07306222455944328 1.0065263858140414
1.010466105937435 0.8254312136682982
0 0
-1.2933384799427505 2.3025438590600897
-0.37702483105678264 -3.217814650393094
-1.029537875346096 1.2313043704375448
1.4810410023752807 -1.0896113634862181
0 0
-0.17494917616433092 -0.6391588567707407
1.1531666140684815 1.1860169209867093
0 0
0.5771301487087913 -0.09587688729086974
-0.7134838642993675 1.5539414606856234
-0.9896021028270648 1.237898634397285
1.6310566349241915 0.3263048574478676
0.5613409093377795 -0.14830383143203063
1.0048971068692716 -0.7094491479890268
0.499731130024403 1.8725951383643513
0 0
-1.2933384799427505 2.3025438590600897
-1.6350526488639179 3.49650807310448
0.665148423594233 0.38058480212769863
0.4616824859656733 1.5958831386533894
0 0
0.2686687443582706 0.7940851181330583
-0.20222759189432382 -0.5831316566032514
0.05869758719046281 -1.3638818772038577
1.5942682229583103 -0.40435001840928936
-0.03607699482201476 3.3983827463915732
0.33346989969898044 0.1794809946105571
-1.5816459794711244 1.964097123765157
1.0048971068692716 -0.7094491479890268
0 0
-0.046164896622889806 2.298497892233459
-0.34830288341564686 -1.988825848386257
-1.2432088747790448 3.5036483080600247
1.5942682229583103 -0.40435001840928936
-1.5101424750443395 -5.311094555145919
-5.203357253603451 2.326905707070025
-1.9035386184025893 -3.262509938486298
-0.9163949008543669 -1.2692257599269738
-0.8385778349580447 3.070018441921702
0 0
0.22052844144169192 2.8130144257765406
0 0
-0.07653278757557658 2.3302641791662317
-1.1417030460990831 -1.6423052011950172
-6.121589717730373 -2.075973278467208
-0.8758018326091824 0.9255808208769167
-2.567437549416166 1.1447484080194021
-5.203357253603451 2.326905707070025
0 0
0 0
-3.1191018961066757 -2.4420445282996637
0.8335807933803194 1.4752703858175502
-0.6166346592136353 -1.376746853795458
0.499731130024403 1.8725951383643513
-0.0745326405425829 0.9240600825383936
1.1531666140684815 1.1860169209867093
-1.1332759710854914 -1.654597274766172
-0.5125508731786756 1.9904615805942993
-0.6166346592136353 -1.376746853795458
5.226317874965448 2.3087954608146584
1.3603164102986263 0.2751483939208793
0 0
-0.20222759189432382 -0.5831316566032514
-0.37702483105678264 -3.217814650393094
1.1332646555748918 0.43005155145356416
1.5645565962329302 0.3976741016502765
1.6121174412699175 -2.9685834357742227
3.3150493752734076 1.2879748667151707
0.2686687443582706 0.7940851181330583
-1.1874533128640712 2.20659248660984
1.097235544314027 2.7929920315670884
0 0
0.3737265123204938 0.010707554149363085
-0.6166346592136353 -1.376746853795458
0.43067011885701023 0.7980328833345368
0.499731130024403 1.8725951383643513
-5.203357253603451 2.326905707070025
1.5942682229583103 -0.40435001840928936
0.5771301487087913 -0.09587688729086974
-1.5399578684224446 2.7375160252567263
-0.5392665647361592 -0.30588071012388585
-0.47399619483087985 -0.1630448356009081
-0.8460264431637929 3.3563657149641286
1.1531666140684815 1.1860169209867093
-1.1417030460990831 -1.6423052011950172
-0.3899758089170141 -3.214710240281704
0.05869758719046281 -1.3638818772038577
0.2425970910624775 0.790388111914788
-0.5392665647361592 -0.30588071012388585
2.7221210234577797 1.5536294446479058
0 0
-1.5765764445462003 1.2657391505196331
0.735662325099392 -1.27443834080204
2.2529874758230495 -0.44486665041208
0.5771301487087913 -0.09587688729086974
-1.5765764445462003 1.2657391505196331
0.07306222455944328 1.0065263858140414
0.43067011885701023 0.7980328833345368
-1.7308680222003634 1.722216895673386
-1.6793658530100388 -1.2037649636181738
-0.0745326405425829 0.9240600825383936
1.7191789536124817 0.2684214448035129
1.4485933548755383 3.870883932620403
-0.6166346592136353 -1.376746853795458
-0.5378250610085263 1.7920392921180577
0.09791207190835638 -1.4964024668895137
0.2686687443582706 0.7940851181330583
-0.3054031963592663 0.3462060168983756
-0.0745326405425829 0.9240600825383936
0.43067011885701023 0.7980328833345368
0.9068533791326506 0.2117388810111237
0 0
-0.5378250610085263 1.7920392921180577
-0.20222759189432382 -0.5831316566032514
-0.12046354112378599 0.658525506879851
0.05869758719046281 -1.3638818772038577
2.2839534308858163 1.7782319496759045
-1.1417030460990831 -1.6423052011950172
-0.36808492070795895 -0.37287999302356123
0.046606169500222006 -0.8913218863890499
0.030514560398374524 -0.7040299048088153
0.05869758719046281 -1.3638818772038577
-0.7996382565820631 -0.9131758249941081
0 0
