## Generation 0 
-4.0940843650671415
-1000000
-2.3128684304797167
-1000000
-1000000
-5.9656646428806
-5.2711231695927685
-1000000
-1000000
-1000000
-3.0350097854400095
-1000000
-1000000
-3.213666431508043
-2.3778046766498946
-4.913302581861505
-6.965075920696616
-1000000
-4.945793744389027
-1000000
-2.77590215089866
-1000000
-1000000
-1000000
-3.1233424843649282
-4.148884522202766
-4.837625839688185
-1000000
-4.259101687939888
-1.8899809946872306
-1000000
-1000000
-5.313804636408362
-4.298968865596262
-1000000
-2.008157762247587
-2.3044917774284257
-4.816219393556728
-3.647588159819608
-3.9592913335354467
-1000000
-1.2776675194080733
-4.734663465643614
-5.386453067912468
-1000000
-5.747885823666606
-3.6039394450088493
-7.600213478475924
-1.8530623397359838
-3.616941110379803
-5.45903367817321
-1000000
-1000000
-1000000
-1000000
-1000000
-1000000
-1.5988983068523246
-3.2823641905172707
-2.578912984359958
-5.834224445002416
-1000000
-5.799370778327037
-5.474283000206268
-1.3346846460761057
-1000000
-2.627639799333319
-1000000
-1000000
-4.017341368628282
-4.69804538085177
-1000000
-1.9516996606867223
-1000000
-1.6739732122163724
-1000000
-2.340362194239935
-3.1946209202163725
-1000000
-2.469231846060794
-5.410895051240336
-1000000
-1000000
-4.121144426879701
-3.7600602968239962
-1000000
-1000000
-1000000
-3.263935645330886
-2.0671702521681783
-8.29816196805576
-4.679068987650223
-1000000
-1.50823022195387
-1000000
-3.3688419127265212
-1000000
-1000000
-3.087511087664897
-1000000
## Generation 1 
-4.148884522202766
-3.9309173364672554
-1.567771408096974
-2.8113111617951003
-5.799370778327037
-2.3128684304797167
-6.965075920696616
-3.6039394450088493
-1.2776675194080733
-2.8929395040535923
-1000000
-1000000
-1000000
-3.7600602968239962
-4.0940843650671415
-3.1946209202163725
-1000000
-5.585129258407049
-3.5953497500026996
-2.4085428638130884
-1000000
-3.477160484381328
-3.0910489514593884
-8.543936359794616
-3.9592913335354467
-1000000
-1000000
-1000000
-5.271758382079403
-1.2462271344285716
-3.1946209202163725
-5.799370778327037
-1000000
-1000000
-1000000
-1000000
-1000000
-1000000
-5.405870057043045
-1000000
-1.555541159954462
-2.87861362537898
-7.600213478475924
-1000000
-3.0167141349140616
-1000000
-1000000
-1000000
-8.195618678359306
-1.4924158863143993
-4.461991711110447
-2.403628308717578
-2.6461933347569504
-3.2823641905172707
-3.616941110379803
-1000000
-1000000
-1000000
-8.855335447513307
-1000000
-2.0671702521681783
-1000000
-1000000
-1000000
-9.189976341538362
-1000000
-4.259101687939888
-1000000
-1000000
-1000000
-1000000
-2.8752146858283174
-1000000
-3.88941585370671
-1000000
-1000000
-8.29816196805576
-1.9516996606867223
-4.892704431210804
-5.650527178306132
-1.2698212945813103
-5.762573892954979
-3.1255686145669075
-3.6039394450088493
-1000000
-1000000
-4.478772596686073
-4.121144426879701
-1000000
-1000000
-1000000
-1000000
-1.9516996606867223
-1000000
-5.313804636408362
-1000000
-3.6039394450088493
-1000000
-1000000
-1000000
-2.578912984359958
-7.903953723321302
-5.003817166231884
-3.616941110379803
-1000000
-4.816219393556728
-1000000
-6.177536877030106
-1.5988983068523246
-1.9915604794874553
-5.250878731044803
-1000000
-1000000
-2.7514984541788046
-4.259101687939888
-4.0940843650671415
-7.600213478475924
-1000000
-1.8530623397359838
-1.50823022195387
-2.3778046766498946
-1000000
-1000000
-3.7600602968239962
-1.7431187731239715
-1000000
-4.0940843650671415
-1000000
-7.600213478475924
-3.616941110379803
-1000000
-5.410895051240336
-5.1700140604706135
-3.237883031859677
-3.213666431508043
-1000000
-6.220157871259492
-3.087511087664897
-5.2711231695927685
-4.121144426879701
-1000000
-1000000
-5.9344154436616945
-1000000
-4.0940843650671415
-4.7608237680426
-4.0940843650671415
-3.9592913335354467
-3.9592913335354467
-2.77590215089866
-1000000
-1000000
-4.566918700687171
-2.9764991300680226
-4.465711403476512
-1000000
-1000000
-3.5866709381919955
-3.8856666255998062
-4.69804538085177
-3.1903559171577296
-7.600213478475924
-1000000
-1000000
-2.4694958049101747
-4.259101687939888
-4.78860158652711
-2.993733550286968
-1.5988983068523246
-7.600213478475924
-5.534811597736069
-2.558322440504243
-1000000
-1000000
-1.881086724110108
-1000000
-1000000
-5.386453067912468
-4.757380504842433
-3.1487455772967894
-3.312483236262599
-5.0264706163968
-3.168883187745463
-2.748368811048132
-4.474336353534092
-7.044849358937462
-1000000
-1000000
-1000000
-1.9516996606867223
-3.6810577249252368
-2.008157762247587
-5.2711231695927685
-3.1233424843649282
-1000000
-1000000
-1000000
-1000000
-1000000
-3.616941110379803
## Generation 2 
-4.483354228960472
-2.0671702521681783
-8.18276964315159
-2.77590215089866
-1.6739732122163724
-3.0167141349140616
-3.6810577249252368
-3.9592913335354467
-2.340362194239935
-3.1255686145669075
-3.7498721626659917
-3.312483236262599
-3.168883187745463
-3.616941110379803
-5.34029610353299
-3.1487455772967894
-3.0199158060323765
-1000000
-3.1946209202163725
-3.156244333629975
-1000000
-3.3688419127265212
-2.2322749647372087
-4.043312302983959
-3.103138647241147
-1000000
-3.95667969059418
-3.11341444113582
-1000000
-2.87861362537898
-1000000
-3.5953497500026996
-3.312483236262599
-2.8535957692388587
-2.6164872994271335
-3.1233424843649282
-3.213666431508043
-1000000
-6.354705393486665
-1000000
-3.02482557447526
-3.7600602968239962
-3.9309173364672554
-4.089569675326769
-3.1233424843649282
-8.55375776052047
-2.578912984359958
-3.7600602968239962
-4.087978599576845
-3.081549461665133
-9.245261258210634
-3.8856666255998062
-3.9592913335354467
-3.616941110379803
-3.1255686145669075
-3.267801229148094
-3.7600602968239962
-5.3075098167506845
-3.1233424843649282
-3.087511087664897
-4.0849954871670615
-1.3396219667478353
-1.9516996606867223
-3.428050210427317
-1.4924158863143993
-3.1233424843649282
-1.2776675194080733
-2.3044917774284257
-1.50823022195387
-3.0910489514593884
-3.213666431508043
-2.0671702521681783
-1000000
-4.7228969756682035
-2.340362194239935
-3.1233424843649282
-3.2823641905172707
-2.5769081094155912
-2.9764991300680226
-3.452883769796749
-3.7519512160631945
-3.1946209202163725
-1000000
-2.403628308717578
-1.3346846460761057
-2.87861362537898
-3.6039394450088493
-1.6739732122163724
-5.447763326907882
-4.343077712670393
-1.5344728120132016
-1000000
-1.0380491886904901
-2.340362194239935
-2.6461933347569504
-3.6402148239772694
-2.6461933347569504
-1000000
-2.77590215089866
-1.2462271344285716
-5.306074608080589
-5.219377065167433
-4.153208670086748
-3.88941585370671
-1.4924158863143993
-3.0274179043754046
-3.1891555694029163
-3.263935645330886
-3.1233424843649282
-2.0671702521681783
-6.176038917141976
-2.3044917774284257
-3.1215769834325764
-1000000
-2.4085428638130884
-3.6039394450088493
-1.567771408096974
-3.647588159819608
-1000000
-1.9337359059012518
-3.3688419127265212
-1000000
-2.578912984359958
-2.017388864511713
-1.5979039206579828
-3.6456888438292516
-2.565630776293562
-3.087511087664897
-3.1233424843649282
-1000000
-2.4085428638130884
-3.5155021368768997
-2.692185155481956
-2.9337218092294184
-1000000
-2.403628308717578
-1.8899809946872306
-2.4694958049101747
-3.616941110379803
-3.9250476253466355
-2.340362194239935
-2.008157762247587
-3.087511087664897
-1000000
-3.0167141349140616
-2.585252718815393
-3.5844503447230336
-3.616941110379803
-5.333637198803112
-3.9592913335354467
-3.263935645330886
-1.6688720863375424
-3.2823641905172707
-1000000
-3.5838243147339672
-1000000
-3.021565366159907
-1.8530623397359838
-4.614885356562026
-1.4562010079450087
-1.2776675194080733
-3.9592913335354467
-1000000
-1000000
-2.686255857521372
-3.1946209202163725
-1.9516996606867223
-3.1233424843649282
-2.1357227321159415
-3.3688419127265212
-1.8678604562336665
-2.4848424917293
-1.9516996606867223
-7.586185240944458
-3.3715623998377198
-1000000
-1.8899809946872306
-3.6039394450088493
-3.162639995127878
-3.5866709381919955
-4.6754550607057945
-5.468878232223149
-2.403628308717578
-2.351442646704055
-4.170572203590229
-1000000
-2.3737506623504245
-1.9516996606867223
-2.558322440504243
-3.1233424843649282
-3.9592913335354467
-3.616941110379803
-2.578912984359958
-2.77590215089866
-1.4924158863143993
-1.534689294875924
-3.5492035419885224
-3.3688419127265212
-1.8530623397359838
-3.5953497500026996
## Generation 3 
-2.4694958049101747
-2.3778046766498946
-1.4924158863143993
-4.97113582709816
-1000000
-1.3346846460761057
-3.017953187422639
-4.27619092255673
-2.578912984359958
-1.3346846460761057
-2.3044917774284257
-2.558322440504243
-1.7431187731239715
-1.2457352623453521
-2.1357227321159415
-3.7288526601388314
-5.184258726868338
-1.9516996606867223
-2.3128684304797167
-2.5769081094155912
-2.403628308717578
-1.7296002234753642
-2.1357227321159415
-2.558322440504243
-2.9145548410532185
-1000000
-2.3128684304797167
-1.8899809946872306
-1.9915604794874553
-2.4694958049101747
-4.638358100108974
-1.8530623397359838
-1.6739732122163724
-2.2322749647372087
-2.14910387995902
-2.4694958049101747
-1.50823022195387
